Traceback (most recent call last):
  File "/home/juansca/Documentos/FaMAF/Publicaciones/NN/models/models/irace/tuning/SVR.py", line 15, in <module>
    from sklearn.model_selection import TimeSeriesSplit
  File "/usr/local/lib/python3.5/dist-packages/sklearn/__init__.py", line 134, in <module>
    from .base import clone
  File "/usr/local/lib/python3.5/dist-packages/sklearn/base.py", line 12, in <module>
    from .utils.fixes import signature
  File "/usr/local/lib/python3.5/dist-packages/sklearn/utils/__init__.py", line 11, in <module>
    from .validation import (as_float_array,
  File "/usr/local/lib/python3.5/dist-packages/sklearn/utils/validation.py", line 18, in <module>
    from ..utils.fixes import signature
  File "/usr/local/lib/python3.5/dist-packages/sklearn/utils/fixes.py", line 144, in <module>
    from scipy.sparse.linalg import lsqr as sparse_lsqr  # noqa
  File "/usr/lib/python3/dist-packages/scipy/sparse/linalg/__init__.py", line 112, in <module>
    from .isolve import *
  File "/usr/lib/python3/dist-packages/scipy/sparse/linalg/isolve/__init__.py", line 8, in <module>
    from .lgmres import lgmres
  File "/usr/lib/python3/dist-packages/scipy/sparse/linalg/isolve/lgmres.py", line 8, in <module>
    from scipy.linalg import get_blas_funcs
  File "/usr/lib/python3/dist-packages/scipy/linalg/__init__.py", line 180, in <module>
    from ._decomp_qz import *
  File "<frozen importlib._bootstrap>", line 969, in _find_and_load
  File "<frozen importlib._bootstrap>", line 958, in _find_and_load_unlocked
  File "<frozen importlib._bootstrap>", line 673, in _load_unlocked
  File "<frozen importlib._bootstrap_external>", line 661, in exec_module
  File "<frozen importlib._bootstrap_external>", line 757, in get_code
  File "<frozen importlib._bootstrap_external>", line 459, in _validate_bytecode_header
KeyboardInterrupt
