Traceback (most recent call last):
  File "/home/juansca/Documentos/FaMAF/Publicaciones/NN/models/models/irace/tuning/SVR.py", line 15, in <module>
    from sklearn.model_selection import TimeSeriesSplit
  File "/usr/local/lib/python3.5/dist-packages/sklearn/model_selection/__init__.py", line 19, in <module>
    from ._validation import cross_val_score
  File "/usr/local/lib/python3.5/dist-packages/sklearn/model_selection/_validation.py", line 28, in <module>
    from ..metrics.scorer import check_scoring, _check_multimetric_scoring
  File "/usr/local/lib/python3.5/dist-packages/sklearn/metrics/__init__.py", line 7, in <module>
    from .ranking import auc
  File "/usr/local/lib/python3.5/dist-packages/sklearn/metrics/ranking.py", line 25, in <module>
    from scipy.stats import rankdata
  File "/usr/lib/python3/dist-packages/scipy/stats/__init__.py", line 338, in <module>
    from .stats import *
  File "/usr/lib/python3/dist-packages/scipy/stats/stats.py", line 183, in <module>
    from . import distributions
  File "/usr/lib/python3/dist-packages/scipy/stats/distributions.py", line 14, in <module>
    from . import _discrete_distns
  File "/usr/lib/python3/dist-packages/scipy/stats/_discrete_distns.py", line 193, in <module>
    nbinom = nbinom_gen(name='nbinom')
  File "/usr/lib/python3/dist-packages/scipy/stats/_distn_infrastructure.py", line 2703, in __init__
    locscale_out='loc, 1')
  File "/usr/lib/python3/dist-packages/scipy/stats/_distn_infrastructure.py", line 691, in _construct_argparser
    exec_(parse_arg_template % dct, ns)
  File "<string>", line 2, in <module>
KeyboardInterrupt
