Traceback (most recent call last):
  File "/home/juansca/Documentos/FaMAF/Publicaciones/NN/models/models/irace/tuning/SVR.py", line 15, in <module>
    from sklearn.model_selection import TimeSeriesSplit
  File "/usr/local/lib/python3.5/dist-packages/sklearn/model_selection/__init__.py", line 19, in <module>
    from ._validation import cross_val_score
  File "/usr/local/lib/python3.5/dist-packages/sklearn/model_selection/_validation.py", line 28, in <module>
    from ..metrics.scorer import check_scoring, _check_multimetric_scoring
  File "/usr/local/lib/python3.5/dist-packages/sklearn/metrics/__init__.py", line 7, in <module>
    from .ranking import auc
  File "/usr/local/lib/python3.5/dist-packages/sklearn/metrics/ranking.py", line 25, in <module>
    from scipy.stats import rankdata
  File "/usr/lib/python3/dist-packages/scipy/stats/__init__.py", line 338, in <module>
    from .stats import *
  File "/usr/lib/python3/dist-packages/scipy/stats/stats.py", line 184, in <module>
    from . import mstats_basic
  File "/usr/lib/python3/dist-packages/scipy/stats/mstats_basic.py", line 494, in <module>
    KendalltauResult = namedtuple('KendalltauResult', ('correlation', 'pvalue'))
  File "/usr/lib/python3.5/collections/__init__.py", line 428, in namedtuple
    exec(class_definition, namespace)
  File "<string>", line 1, in <module>
KeyboardInterrupt
