Traceback (most recent call last):
  File "/home/juansca/Documentos/FaMAF/Publicaciones/NN/models/models/irace/tuning/SVR.py", line 15, in <module>
    from sklearn.model_selection import TimeSeriesSplit
  File "/usr/local/lib/python3.5/dist-packages/sklearn/model_selection/__init__.py", line 19, in <module>
    from ._validation import cross_val_score
  File "/usr/local/lib/python3.5/dist-packages/sklearn/model_selection/_validation.py", line 28, in <module>
    from ..metrics.scorer import check_scoring, _check_multimetric_scoring
  File "/usr/local/lib/python3.5/dist-packages/sklearn/metrics/__init__.py", line 7, in <module>
    from .ranking import auc
  File "/usr/local/lib/python3.5/dist-packages/sklearn/metrics/ranking.py", line 25, in <module>
    from scipy.stats import rankdata
  File "/usr/lib/python3/dist-packages/scipy/stats/__init__.py", line 338, in <module>
    from .stats import *
  File "/usr/lib/python3/dist-packages/scipy/stats/stats.py", line 183, in <module>
    from . import distributions
  File "/usr/lib/python3/dist-packages/scipy/stats/distributions.py", line 13, in <module>
    from . import _continuous_distns
  File "/usr/lib/python3/dist-packages/scipy/stats/_continuous_distns.py", line 3795, in <module>
    powerlognorm = powerlognorm_gen(a=0.0, name="powerlognorm")
  File "/usr/lib/python3/dist-packages/scipy/stats/_distn_infrastructure.py", line 1478, in __init__
    self._construct_doc(docdict, dct.get(self.name))
  File "/usr/lib/python3/dist-packages/scipy/stats/_distn_infrastructure.py", line 732, in _construct_doc
    self.__doc__ = doccer.docformat(self.__doc__, tempdict)
  File "/usr/lib/python3/dist-packages/scipy/misc/doccer.py", line 64, in docformat
    newlines.append(indent+line)
KeyboardInterrupt
